########### array before sorts ###########
0	15.240000	0.000000	90.150000	0.000000	n
1	90.150000	0.000000	90.150000	92.380000	n
2	90.150000	92.380000	15.240000	92.380000	n
3	15.240000	92.380000	15.240000	0.000000	n
Tolerance=0.050000.
*Exact match for i=0 and j=1.
*i point 15.240000	0.000000	90.150000	0.000000	y
*Exact match for i=1 and j=2.
*i point 90.150000	0.000000	90.150000	92.380000	y
*Exact match for i=2 and j=3.
*i point 90.150000	92.380000	15.240000	92.380000	y
########### array after sorts ###########
0	15.240000	0.000000	90.150000	0.000000	y
1	90.150000	0.000000	90.150000	92.380000	y
2	90.150000	92.380000	15.240000	92.380000	y
3	15.240000	92.380000	15.240000	0.000000	y
***************
.BOARD_OUTLINE UNOWNED
1.6
0     15.240000     0.000000     0
0     90.150000     0.000000     0
0     90.150000     92.380000     0
0     15.240000     92.380000     0
0     15.240000     0.000000     0
